CRITICAL - 2024-04-28 11:33:06 --> RuntimeException: SplFileInfo::getSize(): stat failed for /home/eden/codeigniter4/writable/uploads/etudiants/identite/20240428/14.png
[Method: POST, Route: insert]
in SYSTEMPATH/Files/File.php on line 69.
 1 SYSTEMPATH/Files/File.php(69): SplFileInfo->getSize()
 2 SYSTEMPATH/Files/File.php(80): CodeIgniter\Files\File->getSize()
 3 APPPATH/Views/upload_success.php(12): CodeIgniter\Files\File->getSizeByUnit()
 4 SYSTEMPATH/View/View.php(234): include('/home/eden/codeigniter4/app/Views/upload_success.php')
 5 SYSTEMPATH/View/View.php(237): CodeIgniter\View\View->CodeIgniter\View\{closure}()
 6 SYSTEMPATH/Common.php(1171): CodeIgniter\View\View->render()
 7 APPPATH/Controllers/GestionEtudiant.php(122): view()
 8 SYSTEMPATH/CodeIgniter.php(933): App\Controllers\GestionEtudiant->insert()
 9 SYSTEMPATH/CodeIgniter.php(509): CodeIgniter\CodeIgniter->runController()
10 SYSTEMPATH/CodeIgniter.php(355): CodeIgniter\CodeIgniter->handleRequest()
11 SYSTEMPATH/Boot.php(312): CodeIgniter\CodeIgniter->run()
12 SYSTEMPATH/Boot.php(67): CodeIgniter\Boot::runCodeIgniter()
13 FCPATH/index.php(56): CodeIgniter\Boot::bootWeb()
CRITICAL - 2024-04-28 11:36:57 --> RuntimeException: SplFileInfo::getSize(): stat failed for /home/eden/codeigniter4/writable/uploads/etudiants/identite/15.png
[Method: POST, Route: insert]
in SYSTEMPATH/Files/File.php on line 69.
 1 SYSTEMPATH/Files/File.php(69): SplFileInfo->getSize()
 2 SYSTEMPATH/Files/File.php(80): CodeIgniter\Files\File->getSize()
 3 APPPATH/Views/upload_success.php(12): CodeIgniter\Files\File->getSizeByUnit()
 4 SYSTEMPATH/View/View.php(234): include('/home/eden/codeigniter4/app/Views/upload_success.php')
 5 SYSTEMPATH/View/View.php(237): CodeIgniter\View\View->CodeIgniter\View\{closure}()
 6 SYSTEMPATH/Common.php(1171): CodeIgniter\View\View->render()
 7 APPPATH/Controllers/GestionEtudiant.php(122): view()
 8 SYSTEMPATH/CodeIgniter.php(933): App\Controllers\GestionEtudiant->insert()
 9 SYSTEMPATH/CodeIgniter.php(509): CodeIgniter\CodeIgniter->runController()
10 SYSTEMPATH/CodeIgniter.php(355): CodeIgniter\CodeIgniter->handleRequest()
11 SYSTEMPATH/Boot.php(312): CodeIgniter\CodeIgniter->run()
12 SYSTEMPATH/Boot.php(67): CodeIgniter\Boot::runCodeIgniter()
13 FCPATH/index.php(56): CodeIgniter\Boot::bootWeb()
CRITICAL - 2024-04-28 11:39:42 --> CodeIgniter\HTTP\Exceptions\HTTPException: Could not move file "php5eeGMX" to "/home/eden/codeigniter4/writable/uploads/etudiants/identite/". Reason: 
[Method: POST, Route: insert]
in SYSTEMPATH/HTTP/Files/UploadedFile.php on line 154.
 1 SYSTEMPATH/HTTP/Files/UploadedFile.php(154): CodeIgniter\HTTP\Exceptions\HTTPException::forMoveFailed()
 2 SYSTEMPATH/HTTP/Files/UploadedFile.php(355): CodeIgniter\HTTP\Files\UploadedFile->move()
 3 APPPATH/Controllers/GestionEtudiant.php(118): CodeIgniter\HTTP\Files\UploadedFile->store()
 4 SYSTEMPATH/CodeIgniter.php(933): App\Controllers\GestionEtudiant->insert()
 5 SYSTEMPATH/CodeIgniter.php(509): CodeIgniter\CodeIgniter->runController()
 6 SYSTEMPATH/CodeIgniter.php(355): CodeIgniter\CodeIgniter->handleRequest()
 7 SYSTEMPATH/Boot.php(312): CodeIgniter\CodeIgniter->run()
 8 SYSTEMPATH/Boot.php(67): CodeIgniter\Boot::runCodeIgniter()
 9 FCPATH/index.php(56): CodeIgniter\Boot::bootWeb()
CRITICAL - 2024-04-28 11:44:21 --> RuntimeException: SplFileInfo::getSize(): stat failed for /home/eden/codeigniter4/writable/uploads/etudiants/identite/17.png
[Method: POST, Route: insert]
in SYSTEMPATH/Files/File.php on line 69.
 1 SYSTEMPATH/Files/File.php(69): SplFileInfo->getSize()
 2 SYSTEMPATH/Files/File.php(80): CodeIgniter\Files\File->getSize()
 3 APPPATH/Views/upload_success.php(12): CodeIgniter\Files\File->getSizeByUnit()
 4 SYSTEMPATH/View/View.php(234): include('/home/eden/codeigniter4/app/Views/upload_success.php')
 5 SYSTEMPATH/View/View.php(237): CodeIgniter\View\View->CodeIgniter\View\{closure}()
 6 SYSTEMPATH/Common.php(1171): CodeIgniter\View\View->render()
 7 APPPATH/Controllers/GestionEtudiant.php(122): view()
 8 SYSTEMPATH/CodeIgniter.php(933): App\Controllers\GestionEtudiant->insert()
 9 SYSTEMPATH/CodeIgniter.php(509): CodeIgniter\CodeIgniter->runController()
10 SYSTEMPATH/CodeIgniter.php(355): CodeIgniter\CodeIgniter->handleRequest()
11 SYSTEMPATH/Boot.php(312): CodeIgniter\CodeIgniter->run()
12 SYSTEMPATH/Boot.php(67): CodeIgniter\Boot::runCodeIgniter()
13 FCPATH/index.php(56): CodeIgniter\Boot::bootWeb()
CRITICAL - 2024-04-28 12:06:22 --> RuntimeException: SplFileInfo::getSize(): stat failed for /home/eden/codeigniter4/writable/uploads/etudiants/identite/19.png
[Method: POST, Route: insert]
in SYSTEMPATH/Files/File.php on line 69.
 1 SYSTEMPATH/Files/File.php(69): SplFileInfo->getSize()
 2 SYSTEMPATH/Files/File.php(80): CodeIgniter\Files\File->getSize()
 3 APPPATH/Views/upload_success.php(12): CodeIgniter\Files\File->getSizeByUnit()
 4 SYSTEMPATH/View/View.php(234): include('/home/eden/codeigniter4/app/Views/upload_success.php')
 5 SYSTEMPATH/View/View.php(237): CodeIgniter\View\View->CodeIgniter\View\{closure}()
 6 SYSTEMPATH/Common.php(1171): CodeIgniter\View\View->render()
 7 APPPATH/Controllers/GestionEtudiant.php(121): view()
 8 SYSTEMPATH/CodeIgniter.php(933): App\Controllers\GestionEtudiant->insert()
 9 SYSTEMPATH/CodeIgniter.php(509): CodeIgniter\CodeIgniter->runController()
10 SYSTEMPATH/CodeIgniter.php(355): CodeIgniter\CodeIgniter->handleRequest()
11 SYSTEMPATH/Boot.php(312): CodeIgniter\CodeIgniter->run()
12 SYSTEMPATH/Boot.php(67): CodeIgniter\Boot::runCodeIgniter()
13 FCPATH/index.php(56): CodeIgniter\Boot::bootWeb()
CRITICAL - 2024-04-28 13:09:33 --> CodeIgniter\HTTP\Exceptions\HTTPException: Could not move file "phpKWHFfs" to "/home/eden/codeigniter4/writable/uploads/etudiants/identite/". Reason: 
[Method: POST, Route: insert]
in SYSTEMPATH/HTTP/Files/UploadedFile.php on line 154.
 1 SYSTEMPATH/HTTP/Files/UploadedFile.php(154): CodeIgniter\HTTP\Exceptions\HTTPException::forMoveFailed()
 2 APPPATH/Controllers/GestionEtudiant.php(118): CodeIgniter\HTTP\Files\UploadedFile->move()
 3 SYSTEMPATH/CodeIgniter.php(933): App\Controllers\GestionEtudiant->insert()
 4 SYSTEMPATH/CodeIgniter.php(509): CodeIgniter\CodeIgniter->runController()
 5 SYSTEMPATH/CodeIgniter.php(355): CodeIgniter\CodeIgniter->handleRequest()
 6 SYSTEMPATH/Boot.php(312): CodeIgniter\CodeIgniter->run()
 7 SYSTEMPATH/Boot.php(67): CodeIgniter\Boot::runCodeIgniter()
 8 FCPATH/index.php(56): CodeIgniter\Boot::bootWeb()
CRITICAL - 2024-04-28 13:10:06 --> CodeIgniter\HTTP\Exceptions\HTTPException: Could not move file "phph5aRmu" to "/home/eden/codeigniter4/writable/uploads/etudiants/identite/". Reason: 
[Method: POST, Route: insert]
in SYSTEMPATH/HTTP/Files/UploadedFile.php on line 154.
 1 SYSTEMPATH/HTTP/Files/UploadedFile.php(154): CodeIgniter\HTTP\Exceptions\HTTPException::forMoveFailed()
 2 APPPATH/Controllers/GestionEtudiant.php(118): CodeIgniter\HTTP\Files\UploadedFile->move()
 3 SYSTEMPATH/CodeIgniter.php(933): App\Controllers\GestionEtudiant->insert()
 4 SYSTEMPATH/CodeIgniter.php(509): CodeIgniter\CodeIgniter->runController()
 5 SYSTEMPATH/CodeIgniter.php(355): CodeIgniter\CodeIgniter->handleRequest()
 6 SYSTEMPATH/Boot.php(312): CodeIgniter\CodeIgniter->run()
 7 SYSTEMPATH/Boot.php(67): CodeIgniter\Boot::runCodeIgniter()
 8 FCPATH/index.php(56): CodeIgniter\Boot::bootWeb()
CRITICAL - 2024-04-28 17:26:32 --> CodeIgniter\HTTP\Exceptions\HTTPException: The original file is not a valid file.
[Method: POST, Route: insert]
in SYSTEMPATH/HTTP/Files/UploadedFile.php on line 142.
 1 SYSTEMPATH/HTTP/Files/UploadedFile.php(142): CodeIgniter\HTTP\Exceptions\HTTPException::forInvalidFile()
 2 APPPATH/Controllers/GestionEtudiant.php(136): CodeIgniter\HTTP\Files\UploadedFile->move()
 3 SYSTEMPATH/CodeIgniter.php(933): App\Controllers\GestionEtudiant->insert()
 4 SYSTEMPATH/CodeIgniter.php(509): CodeIgniter\CodeIgniter->runController()
 5 SYSTEMPATH/CodeIgniter.php(355): CodeIgniter\CodeIgniter->handleRequest()
 6 SYSTEMPATH/Boot.php(312): CodeIgniter\CodeIgniter->run()
 7 SYSTEMPATH/Boot.php(67): CodeIgniter\Boot::runCodeIgniter()
 8 FCPATH/index.php(56): CodeIgniter\Boot::bootWeb()
CRITICAL - 2024-04-28 17:29:30 --> CodeIgniter\HTTP\Exceptions\HTTPException: The original file is not a valid file.
[Method: POST, Route: insert]
in SYSTEMPATH/HTTP/Files/UploadedFile.php on line 142.
 1 SYSTEMPATH/HTTP/Files/UploadedFile.php(142): CodeIgniter\HTTP\Exceptions\HTTPException::forInvalidFile()
 2 APPPATH/Controllers/GestionEtudiant.php(138): CodeIgniter\HTTP\Files\UploadedFile->move()
 3 SYSTEMPATH/CodeIgniter.php(933): App\Controllers\GestionEtudiant->insert()
 4 SYSTEMPATH/CodeIgniter.php(509): CodeIgniter\CodeIgniter->runController()
 5 SYSTEMPATH/CodeIgniter.php(355): CodeIgniter\CodeIgniter->handleRequest()
 6 SYSTEMPATH/Boot.php(312): CodeIgniter\CodeIgniter->run()
 7 SYSTEMPATH/Boot.php(67): CodeIgniter\Boot::runCodeIgniter()
 8 FCPATH/index.php(56): CodeIgniter\Boot::bootWeb()
CRITICAL - 2024-04-28 17:31:11 --> CodeIgniter\HTTP\Exceptions\HTTPException: The original file is not a valid file.
[Method: POST, Route: insert]
in SYSTEMPATH/HTTP/Files/UploadedFile.php on line 142.
 1 SYSTEMPATH/HTTP/Files/UploadedFile.php(142): CodeIgniter\HTTP\Exceptions\HTTPException::forInvalidFile()
 2 APPPATH/Controllers/GestionEtudiant.php(138): CodeIgniter\HTTP\Files\UploadedFile->move()
 3 SYSTEMPATH/CodeIgniter.php(933): App\Controllers\GestionEtudiant->insert()
 4 SYSTEMPATH/CodeIgniter.php(509): CodeIgniter\CodeIgniter->runController()
 5 SYSTEMPATH/CodeIgniter.php(355): CodeIgniter\CodeIgniter->handleRequest()
 6 SYSTEMPATH/Boot.php(312): CodeIgniter\CodeIgniter->run()
 7 SYSTEMPATH/Boot.php(67): CodeIgniter\Boot::runCodeIgniter()
 8 FCPATH/index.php(56): CodeIgniter\Boot::bootWeb()
CRITICAL - 2024-04-28 21:23:24 --> CodeIgniter\HTTP\Exceptions\BadRequestException: The URI you submitted has disallowed characters: "line 37 > injectedScript"
[Method: GET, Route: line%2037%20%3E%20injectedScript]
in SYSTEMPATH/Router/Router.php on line 736.
 1 SYSTEMPATH/Router/Router.php(203): CodeIgniter\Router\Router->checkDisallowedChars()
 2 SYSTEMPATH/CodeIgniter.php(834): CodeIgniter\Router\Router->handle()
 3 SYSTEMPATH/CodeIgniter.php(457): CodeIgniter\CodeIgniter->tryToRouteIt()
 4 SYSTEMPATH/CodeIgniter.php(355): CodeIgniter\CodeIgniter->handleRequest()
 5 SYSTEMPATH/Boot.php(312): CodeIgniter\CodeIgniter->run()
 6 SYSTEMPATH/Boot.php(67): CodeIgniter\Boot::runCodeIgniter()
 7 FCPATH/index.php(56): CodeIgniter\Boot::bootWeb()
CRITICAL - 2024-04-28 21:30:10 --> CodeIgniter\HTTP\Exceptions\HTTPException: The original file is not a valid file.
[Method: POST, Route: insert]
in SYSTEMPATH/HTTP/Files/UploadedFile.php on line 142.
 1 SYSTEMPATH/HTTP/Files/UploadedFile.php(142): CodeIgniter\HTTP\Exceptions\HTTPException::forInvalidFile()
 2 APPPATH/Controllers/GestionEtudiant.php(130): CodeIgniter\HTTP\Files\UploadedFile->move()
 3 SYSTEMPATH/CodeIgniter.php(933): App\Controllers\GestionEtudiant->insert()
 4 SYSTEMPATH/CodeIgniter.php(509): CodeIgniter\CodeIgniter->runController()
 5 SYSTEMPATH/CodeIgniter.php(355): CodeIgniter\CodeIgniter->handleRequest()
 6 SYSTEMPATH/Boot.php(312): CodeIgniter\CodeIgniter->run()
 7 SYSTEMPATH/Boot.php(67): CodeIgniter\Boot::runCodeIgniter()
 8 FCPATH/index.php(56): CodeIgniter\Boot::bootWeb()
CRITICAL - 2024-04-28 21:35:26 --> TypeError: App\Controllers\GestionEtudiant::insert(): Return value must be of type string, none returned
[Method: POST, Route: insert]
in APPPATH/Controllers/GestionEtudiant.php on line 150.
 1 SYSTEMPATH/CodeIgniter.php(933): App\Controllers\GestionEtudiant->insert()
 2 SYSTEMPATH/CodeIgniter.php(509): CodeIgniter\CodeIgniter->runController()
 3 SYSTEMPATH/CodeIgniter.php(355): CodeIgniter\CodeIgniter->handleRequest()
 4 SYSTEMPATH/Boot.php(312): CodeIgniter\CodeIgniter->run()
 5 SYSTEMPATH/Boot.php(67): CodeIgniter\Boot::runCodeIgniter()
 6 FCPATH/index.php(56): CodeIgniter\Boot::bootWeb()
